✅ Heartbeat: 2026-03-23
📋 Failures: None
🔧 Recovery: None
📝 Log: /Users/tangbomao/.openclaw/workspace/memory/heartbeat.log
✅ Heartbeat: 2026-03-24
📋 Failures: PRODUCTION_FAILURE 
🔧 Recovery: None
📝 Log: /Users/tangbomao/.openclaw/workspace/memory/heartbeat.log
✅ Heartbeat: 2026-03-25
📋 Failures: None
🔧 Recovery: None
📝 Log: /Users/tangbomao/.openclaw/workspace/memory/heartbeat.log
✅ Heartbeat: 2026-03-26
📋 Failures: PRODUCTION_FAILURE 
🔧 Recovery: None
📝 Log: /Users/tangbomao/.openclaw/workspace/memory/heartbeat.log
✅ Heartbeat: 2026-03-27
📋 Failures: PRODUCTION_FAILURE 
🔧 Recovery: None
📝 Log: /Users/tangbomao/.openclaw/workspace/memory/heartbeat.log
✅ Heartbeat: 2026-03-28
📋 Failures: None
🔧 Recovery: None
📝 Log: /Users/tangbomao/.openclaw/workspace/memory/heartbeat.log
✅ Heartbeat: 2026-03-29
📋 Failures: None
🔧 Recovery: None
📝 Log: /Users/tangbomao/.openclaw/workspace/memory/heartbeat.log
✅ Heartbeat: 2026-03-30
📋 Failures: PRODUCTION_FAILURE 
🔧 Recovery: None
📝 Log: /Users/tangbomao/.openclaw/workspace/memory/heartbeat.log
✅ Heartbeat: 2026-03-31
📋 Failures: None
🔧 Recovery: None
📝 Log: /Users/tangbomao/.openclaw/workspace/memory/heartbeat.log
